{
  "stats": {
    "suites": 1,
    "tests": 1,
    "passes": 0,
    "pending": 0,
    "failures": 1,
    "start": "2023-05-15T13:07:17.383Z",
    "end": "2023-05-15T13:07:22.810Z",
    "duration": 5427,
    "testsRegistered": 1,
    "passPercent": 0,
    "pendingPercent": 0,
    "other": 0,
    "hasOther": false,
    "skipped": 0,
    "hasSkipped": false
  },
  "results": [
    {
      "uuid": "da264104-11f3-455f-88b6-9911ba32fd00",
      "title": "",
      "fullFile": "cypress/integration/apitests/DeleteUser.spec.js",
      "file": "cypress/integration/apitests/DeleteUser.spec.js",
      "beforeHooks": [],
      "afterHooks": [],
      "tests": [],
      "suites": [
        {
          "uuid": "d0e5db7f-ffea-48d3-9311-ce33e713edf7",
          "title": "delete user request testing",
          "fullFile": "",
          "file": "",
          "beforeHooks": [],
          "afterHooks": [],
          "tests": [
            {
              "title": "Create User Test",
              "fullTitle": "delete user request testing Create User Test",
              "timedOut": null,
              "duration": 5396,
              "state": "failed",
              "speed": null,
              "pass": false,
              "fail": true,
              "pending": false,
              "context": null,
              "code": "var pattern = \"ABCDEFGHIJKLMNOPQRSTUVWXYZabcdefghijklmnopqrstuvwxyz\";\nfor (var i = 0; i < 10; i++) randomtext += pattern.charAt(Math.floor(Math.random() * pattern.length));\ntestEmail = randomtext + '@gmail.com';\nlet userId;\ntry {\n  const res = await cy.request({\n    method: 'POST',\n    url: 'https://gorest.co.in/public/v2/users',\n    headers: {\n      'Authorization': 'Bearer ' + accessToken\n    },\n    body: {\n      \"name\": JSONdata.name,\n      \"email\": testEmail,\n      \"gender\": JSONdata.gender,\n      \"status\": JSONdata.status\n    }\n  });\n  cy.log(JSON.stringify(res));\n  expect(res.status).to.eql(201);\n  expect(res.body).has.property('email', testEmail);\n  expect(res.body).has.property('name', JSONdata.name);\n  expect(res.body).has.property('gender', JSONdata.gender);\n  expect(res.body).has.property('status', JSONdata.status);\n  userId = res.body.id;\n} catch (err) {\n  console.error(err);\n}\ncy.wait(3000);\n//DELETE USER REQUEST//\ntry {\n  const res2 = await cy.request({\n    method: 'DELETE',\n    url: `https://gorest.co.in/public/v2/users/${userId}`,\n    headers: {\n      'Authorization': 'Bearer ' + accessToken\n    }\n  });\n  cy.debug();\n  expect(res2.status).to.eql(204);\n} catch (err) {\n  console.error(err);\n}",
              "err": {
                "message": "CypressError: Cypress test was stopped while running this command.",
                "estack": "CypressError: Cypress test was stopped while running this command.\n    at cypressErr (http://localhost:59087/__cypress/runner/cypress_runner.js:154824:18)\n    at Object.errByPath (http://localhost:59087/__cypress/runner/cypress_runner.js:154879:10)\n    at http://localhost:59087/__cypress/runner/cypress_runner.js:156492:80",
                "diff": null
              },
              "uuid": "2a988752-0b46-465a-a783-33df313d415d",
              "parentUUID": "d0e5db7f-ffea-48d3-9311-ce33e713edf7",
              "isHook": false,
              "skipped": false
            }
          ],
          "suites": [],
          "passes": [],
          "failures": [
            "2a988752-0b46-465a-a783-33df313d415d"
          ],
          "pending": [],
          "skipped": [],
          "duration": 5396,
          "root": false,
          "rootEmpty": false,
          "_timeout": 2000
        }
      ],
      "passes": [],
      "failures": [],
      "pending": [],
      "skipped": [],
      "duration": 0,
      "root": true,
      "rootEmpty": true,
      "_timeout": 2000
    }
  ],
  "meta": {
    "mocha": {
      "version": "7.0.1"
    },
    "mochawesome": {
      "options": {
        "quiet": false,
        "reportFilename": "mochawesome",
        "saveHtml": false,
        "saveJson": true,
        "consoleReporter": "spec",
        "useInlineDiffs": false,
        "code": true
      },
      "version": "7.1.3"
    },
    "marge": {
      "options": {
        "reportDir": "cypress/reports/mochawesome-report",
        "overwrite": false,
        "html": false,
        "json": true
      },
      "version": "6.2.0"
    }
  }
}