{
  "stats": {
    "suites": 1,
    "tests": 1,
    "passes": 1,
    "pending": 0,
    "failures": 0,
    "start": "2023-05-16T11:41:12.250Z",
    "end": "2023-05-16T11:41:13.269Z",
    "duration": 1019,
    "testsRegistered": 1,
    "passPercent": 100,
    "pendingPercent": 0,
    "other": 0,
    "hasOther": false,
    "skipped": 0,
    "hasSkipped": false
  },
  "results": [
    {
      "uuid": "7ef78a43-d4f6-4197-9114-9d3d935c1ac1",
      "title": "",
      "fullFile": "cypress/integration/apitests/createuser-and-getuser.spec.js",
      "file": "cypress/integration/apitests/createuser-and-getuser.spec.js",
      "beforeHooks": [],
      "afterHooks": [],
      "tests": [],
      "suites": [
        {
          "uuid": "95a55197-27e9-4b3c-98b2-0f7d10e5b03b",
          "title": "post user request testing",
          "fullFile": "",
          "file": "",
          "beforeHooks": [],
          "afterHooks": [],
          "tests": [
            {
              "title": "Create User Test",
              "fullTitle": "post user request testing Create User Test",
              "timedOut": null,
              "duration": 1001,
              "state": "passed",
              "speed": "fast",
              "pass": true,
              "fail": false,
              "pending": false,
              "context": null,
              "code": "var pattern = \"ABCDEFGHIJKLMNOPQRSTUVWXYZabcdefghijklmnopqrstuvwxyz\";\nfor (var i = 0; i < 10; i++) {\n  randomtext += pattern.charAt(Math.floor(Math.random() * pattern.length));\n}\ntestEmail = randomtext + '@gmail.com';\nlet userId;\ncy.request({\n  method: 'POST',\n  url: 'https://gorest.co.in/public/v2/users',\n  headers: {\n    'Authorization': 'Bearer ' + accessToken\n  },\n  body: {\n    \"id\": 3340,\n    \"name\": JSONdata.name,\n    \"email\": testEmail,\n    \"gender\": JSONdata.gender,\n    \"status\": JSONdata.status\n  }\n}).then(res => {\n  cy.log(JSON.stringify(res));\n  expect(res.status).to.eql(201);\n  expect(res.body).to.have.property('email', testEmail);\n  expect(res.body).to.have.property('name', JSONdata.name);\n  expect(res.body).to.have.property('gender', JSONdata.gender);\n  expect(res.body).to.have.property('status', JSONdata.status);\n  userId = res.body.id;\n  // GET USER //\n  cy.request({\n    method: 'GET',\n    url: `https://gorest.co.in/public/v2/users/${userId}`,\n    headers: {\n      'Authorization': 'Bearer ' + accessToken\n    }\n  }).then(res2 => {\n    cy.log('user id is:' + userId);\n    expect(res2.body).to.have.property('id', userId);\n    expect(res2.body).to.have.property('name', JSONdata.name);\n  });\n});",
              "err": {},
              "uuid": "c0ccb3ad-9d6a-48fc-b80f-edcfbf02ec7b",
              "parentUUID": "95a55197-27e9-4b3c-98b2-0f7d10e5b03b",
              "isHook": false,
              "skipped": false
            }
          ],
          "suites": [],
          "passes": [
            "c0ccb3ad-9d6a-48fc-b80f-edcfbf02ec7b"
          ],
          "failures": [],
          "pending": [],
          "skipped": [],
          "duration": 1001,
          "root": false,
          "rootEmpty": false,
          "_timeout": 2000
        }
      ],
      "passes": [],
      "failures": [],
      "pending": [],
      "skipped": [],
      "duration": 0,
      "root": true,
      "rootEmpty": true,
      "_timeout": 2000
    }
  ],
  "meta": {
    "mocha": {
      "version": "7.0.1"
    },
    "mochawesome": {
      "options": {
        "quiet": false,
        "reportFilename": "mochawesome",
        "saveHtml": false,
        "saveJson": true,
        "consoleReporter": "spec",
        "useInlineDiffs": false,
        "code": true
      },
      "version": "7.1.3"
    },
    "marge": {
      "options": {
        "reportDir": "cypress/reports/mochawesome-report",
        "overwrite": false,
        "html": false,
        "json": true
      },
      "version": "6.2.0"
    }
  }
}