{
  "stats": {
    "suites": 1,
    "tests": 1,
    "passes": 0,
    "pending": 0,
    "failures": 1,
    "start": "2023-05-15T12:40:25.351Z",
    "end": "2023-05-15T12:40:28.925Z",
    "duration": 3574,
    "testsRegistered": 1,
    "passPercent": 0,
    "pendingPercent": 0,
    "other": 0,
    "hasOther": false,
    "skipped": 0,
    "hasSkipped": false
  },
  "results": [
    {
      "uuid": "5c4ee65c-0373-425b-aed0-5cab23aea770",
      "title": "",
      "fullFile": "cypress/integration/apitests/DeleteUser.spec.js",
      "file": "cypress/integration/apitests/DeleteUser.spec.js",
      "beforeHooks": [],
      "afterHooks": [],
      "tests": [],
      "suites": [
        {
          "uuid": "337f7624-b7ff-4d9a-9ec9-d36358bc5911",
          "title": "delete user request testing",
          "fullFile": "",
          "file": "",
          "beforeHooks": [],
          "afterHooks": [],
          "tests": [
            {
              "title": "Create User Test",
              "fullTitle": "delete user request testing Create User Test",
              "timedOut": null,
              "duration": 3541,
              "state": "failed",
              "speed": null,
              "pass": false,
              "fail": true,
              "pending": false,
              "context": null,
              "code": "// Add a wait before creating the user\ncy.wait(3000);\nvar pattern = \"ABCDEFGHIJKLMNOPQRSTUVWXYZabcdefghijklmnopqrstuvwxyz\";\nfor (var i = 0; i < 10; i++) randomtext += pattern.charAt(Math.floor(Math.random() * pattern.length));\ntestEmail = randomtext + '@gmail.com';\nlet userId;\ntry {\n  const res = await cy.request({\n    method: 'POST',\n    url: 'https://gorest.co.in/public/v2/users',\n    headers: {\n      'Authorization': 'Bearer ' + accessToken\n    },\n    body: {\n      \"name\": 'CHIKBALOLO',\n      \"email\": testEmail,\n      \"gender\": 'male',\n      \"status\": 'active'\n    }\n  });\n  cy.log(JSON.stringify(res));\n  expect(res.status).to.eql(201);\n  expect(res.body).has.property('email', testEmail);\n  expect(res.body).has.property('name', 'CHIKBALOLO');\n  expect(res.body).has.property('gender', 'male');\n  expect(res.body).has.property('status', 'active');\n  userId = res.body.id;\n} catch (err) {\n  console.error(err);\n}\ncy.wait(3000);\n//DELETE USER REQUEST//\ntry {\n  const res2 = await cy.request({\n    method: 'DELETE',\n    url: `https://gorest.co.in/public/v2/users/${userId}`,\n    headers: {\n      'Authorization': 'Bearer ' + accessToken\n    }\n  });\n  cy.debug();\n  expect(res2.status).to.eql(204);\n} catch (err) {\n  console.error(err);\n}",
              "err": {
                "message": "CypressError: Cypress detected that you returned a promise from a command while also invoking one or more cy commands in that promise.\n\nThe command that returned the promise was:\n\n  > `cy.request()`\n\nThe cy command you invoked inside the promise was:\n\n  > `cy.wait()`\n\nBecause Cypress commands are already promise-like, you don't need to wrap them or return your own promise.\n\nCypress will resolve your command with whatever the final Cypress command yields.\n\nThe reason this is an error instead of a warning is because Cypress internally queues commands serially whereas Promises execute as soon as they are invoked. Attempting to reconcile this would prevent Cypress from ever resolving.",
                "estack": "CypressError: Cypress detected that you returned a promise from a command while also invoking one or more cy commands in that promise.\n\nThe command that returned the promise was:\n\n  > `cy.request()`\n\nThe cy command you invoked inside the promise was:\n\n  > `cy.wait()`\n\nBecause Cypress commands are already promise-like, you don't need to wrap them or return your own promise.\n\nCypress will resolve your command with whatever the final Cypress command yields.\n\nThe reason this is an error instead of a warning is because Cypress internally queues commands serially whereas Promises execute as soon as they are invoked. Attempting to reconcile this would prevent Cypress from ever resolving.\n    at cy.<computed> [as wait] (http://localhost:58635/__cypress/runner/cypress_runner.js:151229:72)",
                "diff": null
              },
              "uuid": "83ae29b1-b172-4cfd-afd3-a1882904b2dc",
              "parentUUID": "337f7624-b7ff-4d9a-9ec9-d36358bc5911",
              "isHook": false,
              "skipped": false
            }
          ],
          "suites": [],
          "passes": [],
          "failures": [
            "83ae29b1-b172-4cfd-afd3-a1882904b2dc"
          ],
          "pending": [],
          "skipped": [],
          "duration": 3541,
          "root": false,
          "rootEmpty": false,
          "_timeout": 2000
        }
      ],
      "passes": [],
      "failures": [],
      "pending": [],
      "skipped": [],
      "duration": 0,
      "root": true,
      "rootEmpty": true,
      "_timeout": 2000
    }
  ],
  "meta": {
    "mocha": {
      "version": "7.0.1"
    },
    "mochawesome": {
      "options": {
        "quiet": false,
        "reportFilename": "mochawesome",
        "saveHtml": false,
        "saveJson": true,
        "consoleReporter": "spec",
        "useInlineDiffs": false,
        "code": true
      },
      "version": "7.1.3"
    },
    "marge": {
      "options": {
        "reportDir": "cypress/reports/mochawesome-report",
        "overwrite": false,
        "html": false,
        "json": true
      },
      "version": "6.2.0"
    }
  }
}