{
  "stats": {
    "suites": 1,
    "tests": 1,
    "passes": 0,
    "pending": 0,
    "failures": 1,
    "start": "2023-05-15T11:39:19.459Z",
    "end": "2023-05-15T11:39:25.506Z",
    "duration": 6047,
    "testsRegistered": 1,
    "passPercent": 0,
    "pendingPercent": 0,
    "other": 0,
    "hasOther": false,
    "skipped": 0,
    "hasSkipped": false
  },
  "results": [
    {
      "uuid": "6e2eb815-8fe9-44bd-aee9-f8efdd1ea69d",
      "title": "",
      "fullFile": "cypress/integration/apitests/DeleteUser.spec.js",
      "file": "cypress/integration/apitests/DeleteUser.spec.js",
      "beforeHooks": [],
      "afterHooks": [],
      "tests": [],
      "suites": [
        {
          "uuid": "95df0b30-f1b6-4401-a511-aa7e9df704b3",
          "title": "delete user request testing",
          "fullFile": "",
          "file": "",
          "beforeHooks": [],
          "afterHooks": [],
          "tests": [
            {
              "title": "Create User Test",
              "fullTitle": "delete user request testing Create User Test",
              "timedOut": null,
              "duration": 6015,
              "state": "failed",
              "speed": null,
              "pass": false,
              "fail": true,
              "pending": false,
              "context": null,
              "code": "var pattern = \"ABCDEFGHIJKLMNOPQRSTUVWXYZabcdefghijklmnopqrstuvwxyz\";\nfor (var i = 0; i < 10; i++) randomtext += pattern.charAt(Math.floor(Math.random() * pattern.length));\ntestEmail = randomtext + '@gmail.com';\nlet userId;\ntry {\n  const res = await cy.request({\n    method: 'POST',\n    url: 'https://gorest.co.in/public/v2/users',\n    headers: {\n      'Authorization': 'Bearer ' + accessToken\n    },\n    body: {\n      \"name\": 'CHIKBALOLO',\n      \"email\": testEmail,\n      \"gender\": 'male',\n      \"status\": 'active'\n    }\n  });\n  cy.log(JSON.stringify(res));\n  expect(res.status).to.eql(201);\n  expect(res.body).has.property('email', testEmail);\n  expect(res.body).has.property('name', 'CHIKBALOLO');\n  expect(res.body).has.property('gender', 'male');\n  expect(res.body).has.property('status', 'active');\n  userId = res.body.id;\n} catch (err) {\n  console.error(err);\n}\n//DELETE USER REQUEST//\ntry {\n  const res2 = await cy.request({\n    method: 'DELETE',\n    url: `https://gorest.co.in/public/v2/users/${userId}`,\n    headers: {\n      'Authorization': 'Bearer ' + accessToken\n    }\n  });\n  cy.debug();\n  expect(res2.status).to.eql(204);\n} catch (err) {\n  console.error(err);\n}",
              "err": {
                "message": "CypressError: Cypress test was stopped while running this command.",
                "estack": "CypressError: Cypress test was stopped while running this command.\n    at cypressErr (http://localhost:57263/__cypress/runner/cypress_runner.js:154824:18)\n    at Object.errByPath (http://localhost:57263/__cypress/runner/cypress_runner.js:154879:10)\n    at http://localhost:57263/__cypress/runner/cypress_runner.js:156492:80",
                "diff": null
              },
              "uuid": "e482f24a-813c-47a4-80a5-59de7358abcd",
              "parentUUID": "95df0b30-f1b6-4401-a511-aa7e9df704b3",
              "isHook": false,
              "skipped": false
            }
          ],
          "suites": [],
          "passes": [],
          "failures": [
            "e482f24a-813c-47a4-80a5-59de7358abcd"
          ],
          "pending": [],
          "skipped": [],
          "duration": 6015,
          "root": false,
          "rootEmpty": false,
          "_timeout": 2000
        }
      ],
      "passes": [],
      "failures": [],
      "pending": [],
      "skipped": [],
      "duration": 0,
      "root": true,
      "rootEmpty": true,
      "_timeout": 2000
    }
  ],
  "meta": {
    "mocha": {
      "version": "7.0.1"
    },
    "mochawesome": {
      "options": {
        "quiet": false,
        "reportFilename": "mochawesome",
        "saveHtml": false,
        "saveJson": true,
        "consoleReporter": "spec",
        "useInlineDiffs": false,
        "code": true
      },
      "version": "7.1.3"
    },
    "marge": {
      "options": {
        "reportDir": "cypress/reports/mochawesome-report",
        "overwrite": false,
        "html": false,
        "json": true
      },
      "version": "6.2.0"
    }
  }
}