{
  "stats": {
    "suites": 1,
    "tests": 1,
    "passes": 0,
    "pending": 0,
    "failures": 1,
    "start": "2023-05-15T09:28:47.804Z",
    "end": "2023-05-15T09:28:53.303Z",
    "duration": 5499,
    "testsRegistered": 1,
    "passPercent": 0,
    "pendingPercent": 0,
    "other": 0,
    "hasOther": false,
    "skipped": 0,
    "hasSkipped": false
  },
  "results": [
    {
      "uuid": "d4df75f1-3b54-4aae-9da8-aecb81144779",
      "title": "",
      "fullFile": "cypress/integration/apitests/updateuser.spec.js",
      "file": "cypress/integration/apitests/updateuser.spec.js",
      "beforeHooks": [],
      "afterHooks": [],
      "tests": [],
      "suites": [
        {
          "uuid": "5c6bb893-ca5f-4758-a350-fd1f9d233d04",
          "title": "update user request testing",
          "fullFile": "",
          "file": "",
          "beforeHooks": [],
          "afterHooks": [],
          "tests": [
            {
              "title": "Create User Test",
              "fullTitle": "update user request testing Create User Test",
              "timedOut": null,
              "duration": 5467,
              "state": "failed",
              "speed": null,
              "pass": false,
              "fail": true,
              "pending": false,
              "context": null,
              "code": "var pattern = \"ABCDEFGHIJKLMNOPQRSTUVWXYZabcdefghijklmnopqrstuvwxyz\";\nfor (var i = 0; i < 10; i++) {\n  randomtext += pattern.charAt(Math.floor(Math.random() * pattern.length));\n}\ntestEmail = randomtext + '@gmail.com';\nlet userId;\ntry {\n  const res = await cy.request({\n    method: 'POST',\n    url: 'https://gorest.co.in/public/v2/users',\n    headers: {\n      'Authorization': 'Bearer ' + accessToken\n    },\n    body: {\n      \"name\": 'CHIKBALOLO',\n      \"email\": testEmail,\n      \"gender\": 'male',\n      \"status\": 'active'\n    }\n  });\n  cy.log(JSON.stringify(res));\n  expect(res.status).to.eql(201);\n  expect(res.body).has.property('email', testEmail);\n  expect(res.body).has.property('name', 'CHIKBALOLO');\n  expect(res.body).has.property('gender', 'male');\n  expect(res.body).has.property('status', 'active');\n  userId = res.body.id;\n} catch (err) {\n  console.error(err);\n}\n//PUT REQUEST//\ntry {\n  const res2 = await cy.request({\n    method: 'PUT',\n    url: `https://gorest.co.in/public/v2/users/${userId}`,\n    headers: {\n      'Authorization': 'Bearer ' + accessToken\n    },\n    body: {\n      \"name\": 'CHIKoblashtrum',\n      \"email\": testEmail,\n      \"gender\": 'male',\n      \"status\": 'inactive'\n    }\n  });\n  cy.log(JSON.stringify(userId));\n  expect(res2.status).to.eql(200);\n  expect(res2.body).has.property('email', testEmail);\n  expect(res2.body).has.property('name', 'CHIKoblashtrum');\n  expect(res2.body).has.property('gender', 'male');\n  expect(res2.body).has.property('status', 'inactive');\n} catch (err) {\n  console.error(err);\n}\n//GET USER//\ntry {\n  const res3 = await cy.request({\n    method: 'GET',\n    url: `https://gorest.co.in/public/v2/users/${userId}`,\n    headers: {\n      'Authorization': 'Bearer ' + accessToken\n    },\n    body: {\n      \"name\": 'CHIKoblashtrum',\n      \"email\": testEmail,\n      \"gender\": 'male',\n      \"status\": 'inactive'\n    }\n  });\n  cy.log(res3);\n  expect(res3.status).to.eql(200);\n  expect(res3.body).has.property('email', testEmail);\n  expect(res3.body).has.property('name', 'CHIKoblashtrum');\n  expect(res3.body).has.property('gender', 'male');\n  expect(res3.body).has.property('status', 'inactive');\n} catch (err) {\n  console.error(err);\n}",
              "err": {
                "message": "CypressError: Cypress test was stopped while running this command.",
                "estack": "CypressError: Cypress test was stopped while running this command.\n    at cypressErr (http://localhost:49535/__cypress/runner/cypress_runner.js:154824:18)\n    at Object.errByPath (http://localhost:49535/__cypress/runner/cypress_runner.js:154879:10)\n    at http://localhost:49535/__cypress/runner/cypress_runner.js:156492:80",
                "diff": null
              },
              "uuid": "f8f70ca0-4ca8-4e4c-9643-85243f2bc5f0",
              "parentUUID": "5c6bb893-ca5f-4758-a350-fd1f9d233d04",
              "isHook": false,
              "skipped": false
            }
          ],
          "suites": [],
          "passes": [],
          "failures": [
            "f8f70ca0-4ca8-4e4c-9643-85243f2bc5f0"
          ],
          "pending": [],
          "skipped": [],
          "duration": 5467,
          "root": false,
          "rootEmpty": false,
          "_timeout": 2000
        }
      ],
      "passes": [],
      "failures": [],
      "pending": [],
      "skipped": [],
      "duration": 0,
      "root": true,
      "rootEmpty": true,
      "_timeout": 2000
    }
  ],
  "meta": {
    "mocha": {
      "version": "7.0.1"
    },
    "mochawesome": {
      "options": {
        "quiet": false,
        "reportFilename": "mochawesome",
        "saveHtml": false,
        "saveJson": true,
        "consoleReporter": "spec",
        "useInlineDiffs": false,
        "code": true
      },
      "version": "7.1.3"
    },
    "marge": {
      "options": {
        "reportDir": "cypress/reports/mochawesome-report",
        "overwrite": false,
        "html": false,
        "json": true
      },
      "version": "6.2.0"
    }
  }
}