{
  "stats": {
    "suites": 1,
    "tests": 1,
    "passes": 1,
    "pending": 0,
    "failures": 0,
    "start": "2023-05-16T07:49:41.882Z",
    "end": "2023-05-16T07:49:47.070Z",
    "duration": 5188,
    "testsRegistered": 1,
    "passPercent": 100,
    "pendingPercent": 0,
    "other": 0,
    "hasOther": false,
    "skipped": 0,
    "hasSkipped": false
  },
  "results": [
    {
      "uuid": "eae9c2b9-9599-4e53-b5c5-afc8834fcac3",
      "title": "",
      "fullFile": "cypress/integration/apitests/DeleteUser.spec.js",
      "file": "cypress/integration/apitests/DeleteUser.spec.js",
      "beforeHooks": [],
      "afterHooks": [],
      "tests": [],
      "suites": [
        {
          "uuid": "94242c1e-231b-4273-b1ad-20db528ba6a8",
          "title": "delete user request testing",
          "fullFile": "",
          "file": "",
          "beforeHooks": [],
          "afterHooks": [],
          "tests": [
            {
              "title": "Create User Test",
              "fullTitle": "delete user request testing Create User Test",
              "timedOut": null,
              "duration": 5141,
              "state": "passed",
              "speed": "medium",
              "pass": true,
              "fail": false,
              "pending": false,
              "context": null,
              "code": "var pattern = \"ABCDEFGHIJKLMNOPQRSTUVWXYZabcdefghijklmnopqrstuvwxyz\";\nfor (var i = 0; i < 10; i++) randomtext += pattern.charAt(Math.floor(Math.random() * pattern.length));\ntestEmail = randomtext + '@gmail.com';\nlet userId;\ncy.request({\n  method: 'POST',\n  url: 'https://gorest.co.in/public/v2/users',\n  headers: {\n    'Authorization': 'Bearer ' + accessToken\n  },\n  body: {\n    \"name\": JSONdata.name,\n    \"email\": testEmail,\n    \"gender\": JSONdata.gender,\n    \"status\": JSONdata.status\n  }\n}).then(res => {\n  cy.log(JSON.stringify(res));\n  expect(res.status).to.eql(201);\n  expect(res.body).to.have.property('email', testEmail);\n  expect(res.body).to.have.property('name', JSONdata.name);\n  expect(res.body).to.have.property('gender', JSONdata.gender);\n  expect(res.body).to.have.property('status', JSONdata.status);\n  userId = res.body.id;\n  cy.wait(3000);\n  // DELETE USER REQUEST //\n  cy.request({\n    method: 'DELETE',\n    url: `https://gorest.co.in/public/v2/users/${userId}`,\n    headers: {\n      'Authorization': 'Bearer ' + accessToken\n    }\n  }).then(res2 => {\n    cy.debug();\n    expect(res2.status).to.eql(204);\n  });\n});",
              "err": {},
              "uuid": "afe27bcb-6e9c-468c-8316-7dc676137c67",
              "parentUUID": "94242c1e-231b-4273-b1ad-20db528ba6a8",
              "isHook": false,
              "skipped": false
            }
          ],
          "suites": [],
          "passes": [
            "afe27bcb-6e9c-468c-8316-7dc676137c67"
          ],
          "failures": [],
          "pending": [],
          "skipped": [],
          "duration": 5141,
          "root": false,
          "rootEmpty": false,
          "_timeout": 2000
        }
      ],
      "passes": [],
      "failures": [],
      "pending": [],
      "skipped": [],
      "duration": 0,
      "root": true,
      "rootEmpty": true,
      "_timeout": 2000
    }
  ],
  "meta": {
    "mocha": {
      "version": "7.0.1"
    },
    "mochawesome": {
      "options": {
        "quiet": false,
        "reportFilename": "mochawesome",
        "saveHtml": false,
        "saveJson": true,
        "consoleReporter": "spec",
        "useInlineDiffs": false,
        "code": true
      },
      "version": "7.1.3"
    },
    "marge": {
      "options": {
        "reportDir": "cypress/reports/mochawesome-report",
        "overwrite": false,
        "html": false,
        "json": true
      },
      "version": "6.2.0"
    }
  }
}