{
  "stats": {
    "suites": 1,
    "tests": 1,
    "passes": 1,
    "pending": 0,
    "failures": 0,
    "start": "2023-05-16T08:02:54.593Z",
    "end": "2023-05-16T08:02:59.745Z",
    "duration": 5152,
    "testsRegistered": 1,
    "passPercent": 100,
    "pendingPercent": 0,
    "other": 0,
    "hasOther": false,
    "skipped": 0,
    "hasSkipped": false
  },
  "results": [
    {
      "uuid": "b26fa918-86c5-498a-8e54-d8bb4cb7224a",
      "title": "",
      "fullFile": "cypress/integration/apitests/DeleteUser.spec.js",
      "file": "cypress/integration/apitests/DeleteUser.spec.js",
      "beforeHooks": [],
      "afterHooks": [],
      "tests": [],
      "suites": [
        {
          "uuid": "e1dca398-0844-4f9e-af7f-afa5d554b0f2",
          "title": "delete user request testing",
          "fullFile": "",
          "file": "",
          "beforeHooks": [],
          "afterHooks": [],
          "tests": [
            {
              "title": "Create User Test",
              "fullTitle": "delete user request testing Create User Test",
              "timedOut": null,
              "duration": 5133,
              "state": "passed",
              "speed": "medium",
              "pass": true,
              "fail": false,
              "pending": false,
              "context": null,
              "code": "var pattern = \"ABCDEFGHIJKLMNOPQRSTUVWXYZabcdefghijklmnopqrstuvwxyz\";\nfor (var i = 0; i < 10; i++) randomtext += pattern.charAt(Math.floor(Math.random() * pattern.length));\ntestEmail = randomtext + '@gmail.com';\nlet userId;\ncy.request({\n  method: 'POST',\n  url: 'https://gorest.co.in/public/v2/users',\n  headers: {\n    'Authorization': 'Bearer ' + accessToken\n  },\n  body: {\n    \"name\": JSONdata.name,\n    \"email\": testEmail,\n    \"gender\": JSONdata.gender,\n    \"status\": JSONdata.status\n  }\n}).then(res => {\n  cy.log(JSON.stringify(res));\n  expect(res.status).to.eql(201);\n  expect(res.body).to.have.property('email', testEmail);\n  expect(res.body).to.have.property('name', JSONdata.name);\n  expect(res.body).to.have.property('gender', JSONdata.gender);\n  expect(res.body).to.have.property('status', JSONdata.status);\n  userId = res.body.id;\n  cy.wait(3000);\n  // DELETE USER REQUEST //\n  cy.request({\n    method: 'DELETE',\n    url: `https://gorest.co.in/public/v2/users/${userId}`,\n    headers: {\n      'Authorization': 'Bearer ' + accessToken\n    }\n  }).then(res2 => {\n    cy.debug();\n    expect(res2.status).to.eql(204);\n  });\n});",
              "err": {},
              "uuid": "ee55f6b5-28d9-4e20-858c-5c7610139ce3",
              "parentUUID": "e1dca398-0844-4f9e-af7f-afa5d554b0f2",
              "isHook": false,
              "skipped": false
            }
          ],
          "suites": [],
          "passes": [
            "ee55f6b5-28d9-4e20-858c-5c7610139ce3"
          ],
          "failures": [],
          "pending": [],
          "skipped": [],
          "duration": 5133,
          "root": false,
          "rootEmpty": false,
          "_timeout": 2000
        }
      ],
      "passes": [],
      "failures": [],
      "pending": [],
      "skipped": [],
      "duration": 0,
      "root": true,
      "rootEmpty": true,
      "_timeout": 2000
    }
  ],
  "meta": {
    "mocha": {
      "version": "7.0.1"
    },
    "mochawesome": {
      "options": {
        "quiet": false,
        "reportFilename": "mochawesome",
        "saveHtml": false,
        "saveJson": true,
        "consoleReporter": "spec",
        "useInlineDiffs": false,
        "code": true
      },
      "version": "7.1.3"
    },
    "marge": {
      "options": {
        "reportDir": "cypress/reports/mochawesome-report",
        "overwrite": false,
        "html": false,
        "json": true
      },
      "version": "6.2.0"
    }
  }
}